<?xml version="1.0" encoding="UTF-8"?>
<testsuite xmlns:xsi="http://www.w3.org/2001/XMLSchema-instance" xsi:noNamespaceSchemaLocation="https://maven.apache.org/surefire/maven-surefire-plugin/xsd/surefire-test-report.xsd" name="org.mccaughey.testings.MainTestOMS" time="18.139" tests="1" errors="0" skipped="0" failures="0">
  <properties>
    <property name="gopherProxySet" value="false"/>
    <property name="awt.toolkit" value="sun.lwawt.macosx.LWCToolkit"/>
    <property name="file.encoding.pkg" value="sun.io"/>
    <property name="java.specification.version" value="1.8"/>
    <property name="sun.cpu.isalist" value=""/>
    <property name="sun.jnu.encoding" value="UTF-8"/>
    <property name="java.class.path" value="/Users/luchen/Documents/Documents/Melb_Uni_Life/Semester4/Final Project/SourceCodeMyBranch/Walkability/target/test-classes:/Users/luchen/Documents/Documents/Melb_Uni_Life/Semester4/Final Project/SourceCodeMyBranch/Walkability/target/classes:/Users/luchen/.m2/repository/au/org/aurin/indexing-data-reader/1.1.1/indexing-data-reader-1.1.1.jar:/Users/luchen/.m2/repository/org/apache/httpcomponents/httpclient/4.3.5/httpclient-4.3.5.jar:/Users/luchen/.m2/repository/org/apache/httpcomponents/httpcore/4.3.2/httpcore-4.3.2.jar:/Users/luchen/.m2/repository/commons-logging/commons-logging/1.1.3/commons-logging-1.1.3.jar:/Users/luchen/.m2/repository/commons-codec/commons-codec/1.6/commons-codec-1.6.jar:/Users/luchen/.m2/repository/com/google/guava/guava/17.0/guava-17.0.jar:/Users/luchen/.m2/repository/org/geotools/jdbc/gt-jdbc-postgis/10.6/gt-jdbc-postgis-10.6.jar:/Users/luchen/.m2/repository/postgresql/postgresql/8.4-701.jdbc3/postgresql-8.4-701.jdbc3.jar:/Users/luchen/.m2/repository/org/geotools/gt-jdbc/10.6/gt-jdbc-10.6.jar:/Users/luchen/.m2/repository/commons-dbcp/commons-dbcp/1.3/commons-dbcp-1.3.jar:/Users/luchen/.m2/repository/commons-collections/commons-collections/3.1/commons-collections-3.1.jar:/Users/luchen/.m2/repository/javax/media/jai_core/1.1.3/jai_core-1.1.3.jar:/Users/luchen/.m2/repository/org/apache/commons/commons-compress/1.8.1/commons-compress-1.8.1.jar:/Users/luchen/.m2/repository/au/org/aurin/aggregate-functions-oms/0.0.11/aggregate-functions-oms-0.0.11.jar:/Users/luchen/.m2/repository/org/geotools/gt-api/10.4/gt-api-10.4.jar:/Users/luchen/.m2/repository/org/geotools/gt-metadata/10.4/gt-metadata-10.4.jar:/Users/luchen/.m2/repository/org/geotools/gt-opengis/10.4/gt-opengis-10.4.jar:/Users/luchen/.m2/repository/net/java/dev/jsr-275/jsr-275/1.0-beta-2/jsr-275-1.0-beta-2.jar:/Users/luchen/.m2/repository/org/projectlombok/lombok/1.14.0/lombok-1.14.0.jar:/Users/luchen/.m2/repository/org/springframework/spring-core/3.2.2.RELEASE/spring-core-3.2.2.RELEASE.jar:/Users/luchen/.m2/repository/org/springframework/spring-web/3.2.8.RELEASE/spring-web-3.2.8.RELEASE.jar:/Users/luchen/.m2/repository/org/springframework/spring-aop/3.2.8.RELEASE/spring-aop-3.2.8.RELEASE.jar:/Users/luchen/.m2/repository/aopalliance/aopalliance/1.0/aopalliance-1.0.jar:/Users/luchen/.m2/repository/org/springframework/spring-beans/3.2.8.RELEASE/spring-beans-3.2.8.RELEASE.jar:/Users/luchen/.m2/repository/com/fasterxml/jackson/core/jackson-databind/2.4.2/jackson-databind-2.4.2.jar:/Users/luchen/.m2/repository/com/fasterxml/jackson/core/jackson-annotations/2.4.2/jackson-annotations-2.4.2.jar:/Users/luchen/.m2/repository/org/slf4j/jcl-over-slf4j/1.7.5/jcl-over-slf4j-1.7.5.jar:/Users/luchen/.m2/repository/commons-validator/commons-validator/1.4.0/commons-validator-1.4.0.jar:/Users/luchen/.m2/repository/commons-beanutils/commons-beanutils/1.8.3/commons-beanutils-1.8.3.jar:/Users/luchen/.m2/repository/commons-digester/commons-digester/1.8/commons-digester-1.8.jar:/Users/luchen/.m2/repository/org/slf4j/slf4j-api/1.7.2/slf4j-api-1.7.2.jar:/Users/luchen/.m2/repository/info/cukes/cucumber-picocontainer/1.1.5/cucumber-picocontainer-1.1.5.jar:/Users/luchen/.m2/repository/info/cukes/cucumber-java/1.1.5/cucumber-java-1.1.5.jar:/Users/luchen/.m2/repository/info/cukes/cucumber-jvm-deps/1.0.3/cucumber-jvm-deps-1.0.3.jar:/Users/luchen/.m2/repository/info/cukes/gherkin/2.12.1/gherkin-2.12.1.jar:/Users/luchen/.m2/repository/org/picocontainer/picocontainer/2.14.3/picocontainer-2.14.3.jar:/Users/luchen/.m2/repository/info/cukes/cucumber-junit/1.1.5/cucumber-junit-1.1.5.jar:/Users/luchen/.m2/repository/info/cukes/cucumber-core/1.1.5/cucumber-core-1.1.5.jar:/Users/luchen/.m2/repository/info/cukes/cucumber-html/0.2.3/cucumber-html-0.2.3.jar:/Users/luchen/.m2/repository/junit/junit/4.11/junit-4.11.jar:/Users/luchen/.m2/repository/org/hamcrest/hamcrest-core/1.3/hamcrest-core-1.3.jar:/Users/luchen/.m2/repository/com/github/tomakehurst/wiremock/1.40/wiremock-1.40.jar:/Users/luchen/.m2/repository/net/sf/jopt-simple/jopt-simple/4.3/jopt-simple-4.3.jar:/Users/luchen/.m2/repository/com/fasterxml/jackson/core/jackson-core/2.1.2/jackson-core-2.1.2.jar:/Users/luchen/.m2/repository/org/mortbay/jetty/jetty/6.1.26/jetty-6.1.26.jar:/Users/luchen/.m2/repository/org/mortbay/jetty/jetty-util/6.1.26/jetty-util-6.1.26.jar:/Users/luchen/.m2/repository/org/mortbay/jetty/servlet-api/2.5-20081211/servlet-api-2.5-20081211.jar:/Users/luchen/.m2/repository/org/skyscreamer/jsonassert/1.2.1/jsonassert-1.2.1.jar:/Users/luchen/.m2/repository/org/json/json/20090211/json-20090211.jar:/Users/luchen/.m2/repository/log4j/log4j/1.2.16/log4j-1.2.16.jar:/Users/luchen/.m2/repository/com/jayway/jsonpath/json-path/0.8.1/json-path-0.8.1.jar:/Users/luchen/.m2/repository/net/minidev/json-smart/1.1.1/json-smart-1.1.1.jar:/Users/luchen/.m2/repository/commons-lang/commons-lang/2.6/commons-lang-2.6.jar:/Users/luchen/.m2/repository/junit/junit-dep/4.10/junit-dep-4.10.jar:/Users/luchen/.m2/repository/commons-io/commons-io/2.0.1/commons-io-2.0.1.jar:/Users/luchen/.m2/repository/org/apache/commons/commons-math/2.1/commons-math-2.1.jar:/Users/luchen/.m2/repository/org/geotools/gt-graph/10.6/gt-graph-10.6.jar:/Users/luchen/.m2/repository/org/geotools/gt-shapefile/10.6/gt-shapefile-10.6.jar:/Users/luchen/.m2/repository/org/geotools/gt-data/10.6/gt-data-10.6.jar:/Users/luchen/.m2/repository/jdom/jdom/1.0/jdom-1.0.jar:/Users/luchen/.m2/repository/org/geotools/gt-process-feature/10.6/gt-process-feature-10.6.jar:/Users/luchen/.m2/repository/org/geotools/gt-grid/10.6/gt-grid-10.6.jar:/Users/luchen/.m2/repository/org/geotools/gt-process-geometry/10.6/gt-process-geometry-10.6.jar:/Users/luchen/.m2/repository/org/geotools/gt-main/10.6/gt-main-10.6.jar:/Users/luchen/.m2/repository/com/vividsolutions/jts/1.13/jts-1.13.jar:/Users/luchen/.m2/repository/org/geotools/gt-epsg-hsql/10.6/gt-epsg-hsql-10.6.jar:/Users/luchen/.m2/repository/org/geotools/gt-referencing/10.6/gt-referencing-10.6.jar:/Users/luchen/.m2/repository/java3d/vecmath/1.3.2/vecmath-1.3.2.jar:/Users/luchen/.m2/repository/commons-pool/commons-pool/1.5.4/commons-pool-1.5.4.jar:/Users/luchen/.m2/repository/jgridshift/jgridshift/1.0/jgridshift-1.0.jar:/Users/luchen/.m2/repository/hsqldb/hsqldb/1.8.0.7/hsqldb-1.8.0.7.jar:/Users/luchen/.m2/repository/org/geotools/gt-process/10.6/gt-process-10.6.jar:/Users/luchen/.m2/repository/org/geotools/gt-coverage/10.6/gt-coverage-10.6.jar:/Users/luchen/.m2/repository/it/geosolutions/imageio-ext/imageio-ext-tiff/1.1.8/imageio-ext-tiff-1.1.8.jar:/Users/luchen/.m2/repository/it/geosolutions/imageio-ext/imageio-ext-utilities/1.1.8/imageio-ext-utilities-1.1.8.jar:/Users/luchen/.m2/repository/javax/media/jai_codec/1.1.3/jai_codec-1.1.3.jar:/Users/luchen/.m2/repository/org/jaitools/jt-zonalstats/1.3.1/jt-zonalstats-1.3.1.jar:/Users/luchen/.m2/repository/org/jaitools/jt-utils/1.3.1/jt-utils-1.3.1.jar:/Users/luchen/.m2/repository/org/geotools/gt-cql/10.6/gt-cql-10.6.jar:/Users/luchen/.m2/repository/javax/media/jai_imageio/1.1/jai_imageio-1.1.jar:/Users/luchen/.m2/repository/org/apache/commons/commons-lang3/3.1/commons-lang3-3.1.jar:/Users/luchen/.m2/repository/org/geotools/gt-geojson/10.6/gt-geojson-10.6.jar:/Users/luchen/.m2/repository/com/googlecode/json-simple/json-simple/1.1/json-simple-1.1.jar:/Users/luchen/.m2/repository/org/codehaus/jsr166-mirror/jsr166y/1.7.0/jsr166y-1.7.0.jar:/Users/luchen/.m2/repository/net/sf/opencsv/opencsv/2.0/opencsv-2.0.jar:/Users/luchen/.m2/repository/au/org/aurin/annotations/0.4.7/annotations-0.4.7.jar:/Users/luchen/.m2/repository/org/slf4j/slf4j-log4j12/1.7.2/slf4j-log4j12-1.7.2.jar:/Users/luchen/.m2/repository/au/org/aurin/aurin-commons/0.2.9/aurin-commons-0.2.9.jar:/Users/luchen/.m2/repository/org/springframework/spring-context/3.2.8.RELEASE/spring-context-3.2.8.RELEASE.jar:/Users/luchen/.m2/repository/org/springframework/spring-expression/3.2.8.RELEASE/spring-expression-3.2.8.RELEASE.jar:/Users/luchen/.m2/repository/org/springframework/spring-test/3.2.8.RELEASE/spring-test-3.2.8.RELEASE.jar:"/>
    <property name="java.vm.vendor" value="Oracle Corporation"/>
    <property name="sun.arch.data.model" value="64"/>
    <property name="java.vendor.url" value="http://java.oracle.com/"/>
    <property name="user.timezone" value=""/>
    <property name="java.vm.specification.version" value="1.8"/>
    <property name="os.name" value="Mac OS X"/>
    <property name="user.country" value="AU"/>
    <property name="sun.java.launcher" value="SUN_STANDARD"/>
    <property name="sun.boot.library.path" value="/Library/Java/JavaVirtualMachines/jdk1.8.0_201.jdk/Contents/Home/jre/lib"/>
    <property name="sun.java.command" value="/Users/luchen/Documents/Documents/Melb_Uni_Life/Semester4/Final Project/SourceCodeMyBranch/Walkability/target/surefire/surefirebooter8740932239381349306.jar /Users/luchen/Documents/Documents/Melb_Uni_Life/Semester4/Final Project/SourceCodeMyBranch/Walkability/target/surefire 2019-04-01T13-58-09_557-jvmRun1 surefire41873696808905746tmp surefire_03257205312385305068tmp"/>
    <property name="http.nonProxyHosts" value="local|*.local|169.254/16|*.169.254/16"/>
    <property name="surefire.test.class.path" value="/Users/luchen/Documents/Documents/Melb_Uni_Life/Semester4/Final Project/SourceCodeMyBranch/Walkability/target/test-classes:/Users/luchen/Documents/Documents/Melb_Uni_Life/Semester4/Final Project/SourceCodeMyBranch/Walkability/target/classes:/Users/luchen/.m2/repository/au/org/aurin/indexing-data-reader/1.1.1/indexing-data-reader-1.1.1.jar:/Users/luchen/.m2/repository/org/apache/httpcomponents/httpclient/4.3.5/httpclient-4.3.5.jar:/Users/luchen/.m2/repository/org/apache/httpcomponents/httpcore/4.3.2/httpcore-4.3.2.jar:/Users/luchen/.m2/repository/commons-logging/commons-logging/1.1.3/commons-logging-1.1.3.jar:/Users/luchen/.m2/repository/commons-codec/commons-codec/1.6/commons-codec-1.6.jar:/Users/luchen/.m2/repository/com/google/guava/guava/17.0/guava-17.0.jar:/Users/luchen/.m2/repository/org/geotools/jdbc/gt-jdbc-postgis/10.6/gt-jdbc-postgis-10.6.jar:/Users/luchen/.m2/repository/postgresql/postgresql/8.4-701.jdbc3/postgresql-8.4-701.jdbc3.jar:/Users/luchen/.m2/repository/org/geotools/gt-jdbc/10.6/gt-jdbc-10.6.jar:/Users/luchen/.m2/repository/commons-dbcp/commons-dbcp/1.3/commons-dbcp-1.3.jar:/Users/luchen/.m2/repository/commons-collections/commons-collections/3.1/commons-collections-3.1.jar:/Users/luchen/.m2/repository/javax/media/jai_core/1.1.3/jai_core-1.1.3.jar:/Users/luchen/.m2/repository/org/apache/commons/commons-compress/1.8.1/commons-compress-1.8.1.jar:/Users/luchen/.m2/repository/au/org/aurin/aggregate-functions-oms/0.0.11/aggregate-functions-oms-0.0.11.jar:/Users/luchen/.m2/repository/org/geotools/gt-api/10.4/gt-api-10.4.jar:/Users/luchen/.m2/repository/org/geotools/gt-metadata/10.4/gt-metadata-10.4.jar:/Users/luchen/.m2/repository/org/geotools/gt-opengis/10.4/gt-opengis-10.4.jar:/Users/luchen/.m2/repository/net/java/dev/jsr-275/jsr-275/1.0-beta-2/jsr-275-1.0-beta-2.jar:/Users/luchen/.m2/repository/org/projectlombok/lombok/1.14.0/lombok-1.14.0.jar:/Users/luchen/.m2/repository/org/springframework/spring-core/3.2.2.RELEASE/spring-core-3.2.2.RELEASE.jar:/Users/luchen/.m2/repository/org/springframework/spring-web/3.2.8.RELEASE/spring-web-3.2.8.RELEASE.jar:/Users/luchen/.m2/repository/org/springframework/spring-aop/3.2.8.RELEASE/spring-aop-3.2.8.RELEASE.jar:/Users/luchen/.m2/repository/aopalliance/aopalliance/1.0/aopalliance-1.0.jar:/Users/luchen/.m2/repository/org/springframework/spring-beans/3.2.8.RELEASE/spring-beans-3.2.8.RELEASE.jar:/Users/luchen/.m2/repository/com/fasterxml/jackson/core/jackson-databind/2.4.2/jackson-databind-2.4.2.jar:/Users/luchen/.m2/repository/com/fasterxml/jackson/core/jackson-annotations/2.4.2/jackson-annotations-2.4.2.jar:/Users/luchen/.m2/repository/org/slf4j/jcl-over-slf4j/1.7.5/jcl-over-slf4j-1.7.5.jar:/Users/luchen/.m2/repository/commons-validator/commons-validator/1.4.0/commons-validator-1.4.0.jar:/Users/luchen/.m2/repository/commons-beanutils/commons-beanutils/1.8.3/commons-beanutils-1.8.3.jar:/Users/luchen/.m2/repository/commons-digester/commons-digester/1.8/commons-digester-1.8.jar:/Users/luchen/.m2/repository/org/slf4j/slf4j-api/1.7.2/slf4j-api-1.7.2.jar:/Users/luchen/.m2/repository/info/cukes/cucumber-picocontainer/1.1.5/cucumber-picocontainer-1.1.5.jar:/Users/luchen/.m2/repository/info/cukes/cucumber-java/1.1.5/cucumber-java-1.1.5.jar:/Users/luchen/.m2/repository/info/cukes/cucumber-jvm-deps/1.0.3/cucumber-jvm-deps-1.0.3.jar:/Users/luchen/.m2/repository/info/cukes/gherkin/2.12.1/gherkin-2.12.1.jar:/Users/luchen/.m2/repository/org/picocontainer/picocontainer/2.14.3/picocontainer-2.14.3.jar:/Users/luchen/.m2/repository/info/cukes/cucumber-junit/1.1.5/cucumber-junit-1.1.5.jar:/Users/luchen/.m2/repository/info/cukes/cucumber-core/1.1.5/cucumber-core-1.1.5.jar:/Users/luchen/.m2/repository/info/cukes/cucumber-html/0.2.3/cucumber-html-0.2.3.jar:/Users/luchen/.m2/repository/junit/junit/4.11/junit-4.11.jar:/Users/luchen/.m2/repository/org/hamcrest/hamcrest-core/1.3/hamcrest-core-1.3.jar:/Users/luchen/.m2/repository/com/github/tomakehurst/wiremock/1.40/wiremock-1.40.jar:/Users/luchen/.m2/repository/net/sf/jopt-simple/jopt-simple/4.3/jopt-simple-4.3.jar:/Users/luchen/.m2/repository/com/fasterxml/jackson/core/jackson-core/2.1.2/jackson-core-2.1.2.jar:/Users/luchen/.m2/repository/org/mortbay/jetty/jetty/6.1.26/jetty-6.1.26.jar:/Users/luchen/.m2/repository/org/mortbay/jetty/jetty-util/6.1.26/jetty-util-6.1.26.jar:/Users/luchen/.m2/repository/org/mortbay/jetty/servlet-api/2.5-20081211/servlet-api-2.5-20081211.jar:/Users/luchen/.m2/repository/org/skyscreamer/jsonassert/1.2.1/jsonassert-1.2.1.jar:/Users/luchen/.m2/repository/org/json/json/20090211/json-20090211.jar:/Users/luchen/.m2/repository/log4j/log4j/1.2.16/log4j-1.2.16.jar:/Users/luchen/.m2/repository/com/jayway/jsonpath/json-path/0.8.1/json-path-0.8.1.jar:/Users/luchen/.m2/repository/net/minidev/json-smart/1.1.1/json-smart-1.1.1.jar:/Users/luchen/.m2/repository/commons-lang/commons-lang/2.6/commons-lang-2.6.jar:/Users/luchen/.m2/repository/junit/junit-dep/4.10/junit-dep-4.10.jar:/Users/luchen/.m2/repository/commons-io/commons-io/2.0.1/commons-io-2.0.1.jar:/Users/luchen/.m2/repository/org/apache/commons/commons-math/2.1/commons-math-2.1.jar:/Users/luchen/.m2/repository/org/geotools/gt-graph/10.6/gt-graph-10.6.jar:/Users/luchen/.m2/repository/org/geotools/gt-shapefile/10.6/gt-shapefile-10.6.jar:/Users/luchen/.m2/repository/org/geotools/gt-data/10.6/gt-data-10.6.jar:/Users/luchen/.m2/repository/jdom/jdom/1.0/jdom-1.0.jar:/Users/luchen/.m2/repository/org/geotools/gt-process-feature/10.6/gt-process-feature-10.6.jar:/Users/luchen/.m2/repository/org/geotools/gt-grid/10.6/gt-grid-10.6.jar:/Users/luchen/.m2/repository/org/geotools/gt-process-geometry/10.6/gt-process-geometry-10.6.jar:/Users/luchen/.m2/repository/org/geotools/gt-main/10.6/gt-main-10.6.jar:/Users/luchen/.m2/repository/com/vividsolutions/jts/1.13/jts-1.13.jar:/Users/luchen/.m2/repository/org/geotools/gt-epsg-hsql/10.6/gt-epsg-hsql-10.6.jar:/Users/luchen/.m2/repository/org/geotools/gt-referencing/10.6/gt-referencing-10.6.jar:/Users/luchen/.m2/repository/java3d/vecmath/1.3.2/vecmath-1.3.2.jar:/Users/luchen/.m2/repository/commons-pool/commons-pool/1.5.4/commons-pool-1.5.4.jar:/Users/luchen/.m2/repository/jgridshift/jgridshift/1.0/jgridshift-1.0.jar:/Users/luchen/.m2/repository/hsqldb/hsqldb/1.8.0.7/hsqldb-1.8.0.7.jar:/Users/luchen/.m2/repository/org/geotools/gt-process/10.6/gt-process-10.6.jar:/Users/luchen/.m2/repository/org/geotools/gt-coverage/10.6/gt-coverage-10.6.jar:/Users/luchen/.m2/repository/it/geosolutions/imageio-ext/imageio-ext-tiff/1.1.8/imageio-ext-tiff-1.1.8.jar:/Users/luchen/.m2/repository/it/geosolutions/imageio-ext/imageio-ext-utilities/1.1.8/imageio-ext-utilities-1.1.8.jar:/Users/luchen/.m2/repository/javax/media/jai_codec/1.1.3/jai_codec-1.1.3.jar:/Users/luchen/.m2/repository/org/jaitools/jt-zonalstats/1.3.1/jt-zonalstats-1.3.1.jar:/Users/luchen/.m2/repository/org/jaitools/jt-utils/1.3.1/jt-utils-1.3.1.jar:/Users/luchen/.m2/repository/org/geotools/gt-cql/10.6/gt-cql-10.6.jar:/Users/luchen/.m2/repository/javax/media/jai_imageio/1.1/jai_imageio-1.1.jar:/Users/luchen/.m2/repository/org/apache/commons/commons-lang3/3.1/commons-lang3-3.1.jar:/Users/luchen/.m2/repository/org/geotools/gt-geojson/10.6/gt-geojson-10.6.jar:/Users/luchen/.m2/repository/com/googlecode/json-simple/json-simple/1.1/json-simple-1.1.jar:/Users/luchen/.m2/repository/org/codehaus/jsr166-mirror/jsr166y/1.7.0/jsr166y-1.7.0.jar:/Users/luchen/.m2/repository/net/sf/opencsv/opencsv/2.0/opencsv-2.0.jar:/Users/luchen/.m2/repository/au/org/aurin/annotations/0.4.7/annotations-0.4.7.jar:/Users/luchen/.m2/repository/org/slf4j/slf4j-log4j12/1.7.2/slf4j-log4j12-1.7.2.jar:/Users/luchen/.m2/repository/au/org/aurin/aurin-commons/0.2.9/aurin-commons-0.2.9.jar:/Users/luchen/.m2/repository/org/springframework/spring-context/3.2.8.RELEASE/spring-context-3.2.8.RELEASE.jar:/Users/luchen/.m2/repository/org/springframework/spring-expression/3.2.8.RELEASE/spring-expression-3.2.8.RELEASE.jar:/Users/luchen/.m2/repository/org/springframework/spring-test/3.2.8.RELEASE/spring-test-3.2.8.RELEASE.jar:"/>
    <property name="sun.cpu.endian" value="little"/>
    <property name="user.home" value="/Users/luchen"/>
    <property name="user.language" value="en"/>
    <property name="java.specification.vendor" value="Oracle Corporation"/>
    <property name="java.home" value="/Library/Java/JavaVirtualMachines/jdk1.8.0_201.jdk/Contents/Home/jre"/>
    <property name="basedir" value="/Users/luchen/Documents/Documents/Melb_Uni_Life/Semester4/Final Project/SourceCodeMyBranch/Walkability"/>
    <property name="file.separator" value="/"/>
    <property name="line.separator" value="&#10;"/>
    <property name="java.vm.specification.vendor" value="Oracle Corporation"/>
    <property name="java.specification.name" value="Java Platform API Specification"/>
    <property name="java.awt.graphicsenv" value="sun.awt.CGraphicsEnvironment"/>
    <property name="surefire.real.class.path" value="/Users/luchen/Documents/Documents/Melb_Uni_Life/Semester4/Final Project/SourceCodeMyBranch/Walkability/target/surefire/surefirebooter8740932239381349306.jar"/>
    <property name="sun.boot.class.path" value="/Library/Java/JavaVirtualMachines/jdk1.8.0_201.jdk/Contents/Home/jre/lib/resources.jar:/Library/Java/JavaVirtualMachines/jdk1.8.0_201.jdk/Contents/Home/jre/lib/rt.jar:/Library/Java/JavaVirtualMachines/jdk1.8.0_201.jdk/Contents/Home/jre/lib/sunrsasign.jar:/Library/Java/JavaVirtualMachines/jdk1.8.0_201.jdk/Contents/Home/jre/lib/jsse.jar:/Library/Java/JavaVirtualMachines/jdk1.8.0_201.jdk/Contents/Home/jre/lib/jce.jar:/Library/Java/JavaVirtualMachines/jdk1.8.0_201.jdk/Contents/Home/jre/lib/charsets.jar:/Library/Java/JavaVirtualMachines/jdk1.8.0_201.jdk/Contents/Home/jre/lib/jfr.jar:/Library/Java/JavaVirtualMachines/jdk1.8.0_201.jdk/Contents/Home/jre/classes"/>
    <property name="sun.management.compiler" value="HotSpot 64-Bit Tiered Compilers"/>
    <property name="ftp.nonProxyHosts" value="local|*.local|169.254/16|*.169.254/16"/>
    <property name="java.runtime.version" value="1.8.0_201-b09"/>
    <property name="user.name" value="luchen"/>
    <property name="path.separator" value=":"/>
    <property name="os.version" value="10.13.4"/>
    <property name="java.endorsed.dirs" value="/Library/Java/JavaVirtualMachines/jdk1.8.0_201.jdk/Contents/Home/jre/lib/endorsed"/>
    <property name="java.runtime.name" value="Java(TM) SE Runtime Environment"/>
    <property name="file.encoding" value="UTF-8"/>
    <property name="java.vm.name" value="Java HotSpot(TM) 64-Bit Server VM"/>
    <property name="localRepository" value="/Users/luchen/.m2/repository"/>
    <property name="java.vendor.url.bug" value="http://bugreport.sun.com/bugreport/"/>
    <property name="java.io.tmpdir" value="/var/folders/8b/5m28zbjj18q1btnc4844jmkh0000gn/T/"/>
    <property name="java.version" value="1.8.0_201"/>
    <property name="user.dir" value="/Users/luchen/Documents/Documents/Melb_Uni_Life/Semester4/Final Project/SourceCodeMyBranch/Walkability"/>
    <property name="os.arch" value="x86_64"/>
    <property name="java.vm.specification.name" value="Java Virtual Machine Specification"/>
    <property name="java.awt.printerjob" value="sun.lwawt.macosx.CPrinterJob"/>
    <property name="sun.os.patch.level" value="unknown"/>
    <property name="java.library.path" value="/Users/luchen/Library/Java/Extensions:/Library/Java/Extensions:/Network/Library/Java/Extensions:/System/Library/Java/Extensions:/usr/lib/java:."/>
    <property name="java.vm.info" value="mixed mode"/>
    <property name="java.vendor" value="Oracle Corporation"/>
    <property name="java.vm.version" value="25.201-b09"/>
    <property name="java.ext.dirs" value="/Users/luchen/Library/Java/Extensions:/Library/Java/JavaVirtualMachines/jdk1.8.0_201.jdk/Contents/Home/jre/lib/ext:/Library/Java/Extensions:/Network/Library/Java/Extensions:/System/Library/Java/Extensions:/usr/lib/java"/>
    <property name="sun.io.unicode.encoding" value="UnicodeBig"/>
    <property name="java.class.version" value="52.0"/>
    <property name="socksNonProxyHosts" value="local|*.local|169.254/16|*.169.254/16"/>
  </properties>
  <testcase name="testMainOMS" classname="org.mccaughey.testings.MainTestOMS" time="18.105"/>
</testsuite>